Using pre-set license
Built from '2020.3/staging' branch; Version is '2020.3.22f1 (e1a7f79fd887) revision 14788599'; Using compiler version '192528614'; Build Type 'Release'
OS: 'Windows 10 Home Single Language; OS build 19043.1348; Version 2009; 64bit' Language: 'th' Physical Memory: 16233 MB
BatchMode: 1, IsHumanControllingUs: 0, StartBugReporterOnCrash: 0, Is64bit: 1, IsPro: 0

COMMAND LINE ARGUMENTS:
C:\Program Files\Unity\Hub\Editor\2020.3.22f1\Editor\Unity.exe
-adb2
-batchMode
-noUpm
-name
AssetImportWorker0
-projectPath
C:/GameDesign/SIAProject
-logFile
Logs/AssetImportWorker0.log
-srvPort
56920
Successfully changed project path to: C:/GameDesign/SIAProject
C:/GameDesign/SIAProject
Using Asset Import Pipeline V2.
Refreshing native plugins compatible for Editor in 67.51 ms, found 0 plugins.
Preloading 0 native plugins for Editor in 0.00 ms.
Initialize engine version: 2020.3.22f1 (e1a7f79fd887)
[Subsystems] Discovering subsystems at path C:/Program Files/Unity/Hub/Editor/2020.3.22f1/Editor/Data/Resources/UnitySubsystems
[Subsystems] Discovering subsystems at path C:/GameDesign/SIAProject/Assets
GfxDevice: creating device client; threaded=0
Direct3D:
    Version:  Direct3D 11.0 [level 11.1]
    Renderer: NVIDIA GeForce RTX 2070 (ID=0x1f10)
    Vendor:   
    VRAM:     8031 MB
    Driver:   30.0.14.9649
Shader 'Shader Graphs/River': fallback shader 'Hidden/Shader Graph/FallbackError' not found
Initialize mono
Mono path[0] = 'C:/Program Files/Unity/Hub/Editor/2020.3.22f1/Editor/Data/Managed'
Mono path[1] = 'C:/Program Files/Unity/Hub/Editor/2020.3.22f1/Editor/Data/MonoBleedingEdge/lib/mono/unityjit'
Mono config path = 'C:/Program Files/Unity/Hub/Editor/2020.3.22f1/Editor/Data/MonoBleedingEdge/etc'
Using monoOptions --debugger-agent=transport=dt_socket,embedding=1,server=y,suspend=n,address=127.0.0.1:56416
Begin MonoManager ReloadAssembly
Registering precompiled unity dll's ...
Register platform support module: C:/Program Files/Unity/Hub/Editor/2020.3.22f1/Editor/Data/PlaybackEngines/WindowsStandaloneSupport/UnityEditor.WindowsStandalone.Extensions.dll
Registered in 0.001922 seconds.
Native extension for WindowsStandalone target not found
Refreshing native plugins compatible for Editor in 67.65 ms, found 0 plugins.
Preloading 0 native plugins for Editor in 0.00 ms.
Mono: successfully reloaded assembly
- Completed reload, in  1.890 seconds
Domain Reload Profiling:
	ReloadAssembly (1891ms)
		BeginReloadAssembly (51ms)
			ExecutionOrderSort (0ms)
			DisableScriptedObjects (0ms)
			BackupInstance (0ms)
			ReleaseScriptingObjects (0ms)
			CreateAndSetChildDomain (1ms)
		EndReloadAssembly (451ms)
			LoadAssemblies (49ms)
			RebuildTransferFunctionScriptingTraits (0ms)
			SetupTypeCache (145ms)
			ReleaseScriptCaches (0ms)
			RebuildScriptCaches (30ms)
			SetupLoadedEditorAssemblies (184ms)
				LogAssemblyErrors (0ms)
				InitializePlatformSupportModulesInManaged (4ms)
				SetLoadedEditorAssemblies (0ms)
				RefreshPlugins (68ms)
				BeforeProcessingInitializeOnLoad (11ms)
				ProcessInitializeOnLoadAttributes (74ms)
				ProcessInitializeOnLoadMethodAttributes (27ms)
				AfterProcessingInitializeOnLoad (0ms)
				EditorAssembliesLoaded (0ms)
			ExecutionOrderSort2 (0ms)
			AwakeInstancesAfterBackupRestoration (0ms)
Platform modules already initialized, skipping
Registering precompiled user dll's ...
Registered in 0.005182 seconds.
Begin MonoManager ReloadAssembly
Symbol file data-0000026E0EF41830 doesn't match image C:\GameDesign\SIAProject\Library\ScriptAssemblies\Assembly-CSharp.dll
Symbol file LoadedFromMemory is not a mono symbol file
Symbol file data-0000026E0EF661A0 doesn't match image C:\GameDesign\SIAProject\Library\ScriptAssemblies\Assembly-CSharp-Editor.dll
Symbol file LoadedFromMemory is not a mono symbol file
Symbol file data-0000026E0DB60080 doesn't match image C:\GameDesign\SIAProject\Library\ScriptAssemblies\Unity.InputSystem.dll
Symbol file LoadedFromMemory is not a mono symbol file
Symbol file data-0000026E0E01DC40 doesn't match image C:\GameDesign\SIAProject\Library\ScriptAssemblies\NavMeshComponentsEditor.dll
Symbol file LoadedFromMemory is not a mono symbol file
Symbol file data-0000026E0915CFF0 doesn't match image C:\GameDesign\SIAProject\Library\ScriptAssemblies\NavMeshComponents.dll
Symbol file LoadedFromMemory is not a mono symbol file
Error: Could not load signature of Unity.Cloud.Collaborate.EditorGameService.EditorGameServiceAnalyticsSender:get_Identifier due to: Could not load file or assembly 'Unity.Services.Core.Editor, Version=0.0.0.0, Culture=neutral, PublicKeyToken=null' or one of its dependencies. assembly:Unity.Services.Core.Editor, Version=0.0.0.0, Culture=neutral, PublicKeyToken=null type:<unknown type> member:(null) signature:<none>
Unloading broken assembly Library/ScriptAssemblies/Unity.CollabProxy.Editor.dll, this assembly can cause crashes in the runtime
Unloading broken assembly Library/ScriptAssemblies/Assembly-CSharp.dll, this assembly can cause crashes in the runtime
Native extension for WindowsStandalone target not found
Refreshing native plugins compatible for Editor in 69.50 ms, found 0 plugins.
Preloading 0 native plugins for Editor in 0.00 ms.
System.IO.FileNotFoundException: Could not load file or assembly 'Unity.PlasticSCM.Editor, Version=0.0.0.0, Culture=neutral, PublicKeyToken=null' or one of its dependencies.
File name: 'Unity.PlasticSCM.Editor, Version=0.0.0.0, Culture=neutral, PublicKeyToken=null'
  at CollabProxy.UI.Bootstrap..cctor () [0x00000] in D:\Project\SIAProject\Library\PackageCache\com.unity.collab-proxy@1.13.5\Editor\Collaborate\UserInterface\Bootstrap.cs:14 
UnityEngine.StackTraceUtility:ExtractStackTrace ()
UnityEngine.DebugLogHandler:LogFormat (UnityEngine.LogType,UnityEngine.Object,string,object[])
UnityEngine.Logger:Log (UnityEngine.LogType,object)
UnityEngine.Debug:LogError (object)
UnityEditor.EditorAssemblies:ProcessInitializeOnLoadAttributes (System.Type[])

Mono: successfully reloaded assembly
- Completed reload, in  0.969 seconds
Domain Reload Profiling:
	ReloadAssembly (970ms)
		BeginReloadAssembly (135ms)
			ExecutionOrderSort (0ms)
			DisableScriptedObjects (4ms)
			BackupInstance (0ms)
			ReleaseScriptingObjects (0ms)
			CreateAndSetChildDomain (16ms)
		EndReloadAssembly (775ms)
			LoadAssemblies (80ms)
			RebuildTransferFunctionScriptingTraits (0ms)
			SetupTypeCache (231ms)
			ReleaseScriptCaches (0ms)
			RebuildScriptCaches (45ms)
			SetupLoadedEditorAssemblies (308ms)
				LogAssemblyErrors (0ms)
				InitializePlatformSupportModulesInManaged (5ms)
				SetLoadedEditorAssemblies (0ms)
				RefreshPlugins (70ms)
				BeforeProcessingInitializeOnLoad (87ms)
				ProcessInitializeOnLoadAttributes (136ms)
				ProcessInitializeOnLoadMethodAttributes (5ms)
				AfterProcessingInitializeOnLoad (6ms)
				EditorAssembliesLoaded (0ms)
			ExecutionOrderSort2 (0ms)
			AwakeInstancesAfterBackupRestoration (6ms)
Platform modules already initialized, skipping
========================================================================
Worker process is ready to serve import requests
Shader 'Shader Graphs/River': fallback shader 'Hidden/Shader Graph/FallbackError' not found
Launched and connected shader compiler UnityShaderCompiler.exe after 0.08 seconds
Refreshing native plugins compatible for Editor in 1.76 ms, found 0 plugins.
Preloading 0 native plugins for Editor in 0.00 ms.
Unloading 2598 Unused Serialized files (Serialized files now loaded: 0)
System memory in use before: 111.2 MB.
System memory in use after: 111.4 MB.

Unloading 11 unused Assets to reduce memory usage. Loaded Objects now: 3046.
Total: 3.821100 ms (FindLiveObjects: 0.203600 ms CreateObjectMapping: 0.099800 ms MarkObjects: 3.436600 ms  DeleteObjects: 0.079900 ms)

AssetImportParameters requested are different than current active one (requested -> active):
  custom:framework-win-MediaFoundation: 216162199b28c13a410421893ffa2e32 -> 
  custom:video-decoder-ogg-theora: a1e56fd34408186e4bbccfd4996cb3dc -> 
  custom:container-muxer-webm: aa71ff27fc2769a1b78a27578f13a17b -> 
  custom:container-demuxer-webm: 4f35f7cbe854078d1ac9338744f61a02 -> 
  custom:container-demuxer-ogg: 62fdf1f143b41e24485cea50d1cbac27 -> 
  custom:video-encoder-webm-vp8: eb34c28f22e8b96e1ab97ce403110664 -> 
  custom:video-codec-MediaFoundation-h265: 746d11721c4dcdbdad8f713fa42b33f4 -> 
  custom:video-decoder-webm-vp8: 9c59270c3fd7afecdb556c50c9e8de78 -> 
  custom:audio-decoder-ogg-vorbis: bf7c407c2cedff20999df2af8eb42d56 -> 
  custom:audio-encoder-webm-vorbis: bf7c407c2cedff20999df2af8eb42d56 -> 
========================================================================
Received Import Request.
  path: Assets/Boss.fbx
  artifactKey: Guid(33d6abaf278cf0c479cd5547c8e8c6be) Importer(815301076,1909f56bfc062723c751e8b465ee728b)
Start importing Assets/Boss.fbx using Guid(33d6abaf278cf0c479cd5547c8e8c6be) Importer(815301076,1909f56bfc062723c751e8b465ee728b)  -> (artifact id: 'e44d79733b4a6e621b96df9147803abf') in 0.331414 seconds 
  Import took 0.335586 seconds .

========================================================================
Received Import Request.
  Time since last request: 11.921318 seconds.
  path: Assets/Animation/ATK_Stand.fbx
  artifactKey: Guid(35248b84de935e146854ec083d2199af) Importer(815301076,1909f56bfc062723c751e8b465ee728b)
Start importing Assets/Animation/ATK_Stand.fbx using Guid(35248b84de935e146854ec083d2199af) Importer(815301076,1909f56bfc062723c751e8b465ee728b)  -> (artifact id: 'face6772d3b70881b1b4662e8db07a1b') in 0.090036 seconds 
  Import took 0.094420 seconds .

========================================================================
Received Import Request.
  Time since last request: 0.000280 seconds.
  path: Assets/Animation/Breathing Idle 1.fbx
  artifactKey: Guid(8e58ae28f3b2f2f49b2989669780d8b3) Importer(815301076,1909f56bfc062723c751e8b465ee728b)
Start importing Assets/Animation/Breathing Idle 1.fbx using Guid(8e58ae28f3b2f2f49b2989669780d8b3) Importer(815301076,1909f56bfc062723c751e8b465ee728b)  -> (artifact id: '72fa85ee62962ba6b74c4348601c2793') in 0.037107 seconds 
  Import took 0.041492 seconds .

========================================================================
Received Import Request.
  Time since last request: 0.000305 seconds.
  path: Assets/Animation/Walk With Briefcase.fbx
  artifactKey: Guid(94d824fb6eea7b24d9c0995f33f94a21) Importer(815301076,1909f56bfc062723c751e8b465ee728b)
Start importing Assets/Animation/Walk With Briefcase.fbx using Guid(94d824fb6eea7b24d9c0995f33f94a21) Importer(815301076,1909f56bfc062723c751e8b465ee728b)  -> (artifact id: '058c8478938f1400101e6bbc0615125f') in 0.034998 seconds 
  Import took 0.039369 seconds .

========================================================================
Received Import Request.
  Time since last request: 0.000228 seconds.
  path: Assets/Animation/ATK_Walk.fbx
  artifactKey: Guid(04095ba775b6ff84aafa2bd6c840c679) Importer(815301076,1909f56bfc062723c751e8b465ee728b)
Start importing Assets/Animation/ATK_Walk.fbx using Guid(04095ba775b6ff84aafa2bd6c840c679) Importer(815301076,1909f56bfc062723c751e8b465ee728b)  -> (artifact id: 'b715b0aed3bf543c264578cb46785cfc') in 0.038123 seconds 
  Import took 0.041901 seconds .

========================================================================
Received Import Request.
  Time since last request: 0.000296 seconds.
  path: Assets/Animation/monk.fbx
  artifactKey: Guid(c294c0680a4098442aca200eca7fedc4) Importer(815301076,1909f56bfc062723c751e8b465ee728b)
Start importing Assets/Animation/monk.fbx using Guid(c294c0680a4098442aca200eca7fedc4) Importer(815301076,1909f56bfc062723c751e8b465ee728b)  -> (artifact id: '41f6cb62b137247cbf7c258776dc5ae9') in 0.033797 seconds 
  Import took 0.037224 seconds .

========================================================================
Received Import Request.
  Time since last request: 0.000250 seconds.
  path: Assets/Animation/Dying.fbx
  artifactKey: Guid(df3a2fc48c203e54b8b745e164eea361) Importer(815301076,1909f56bfc062723c751e8b465ee728b)
Start importing Assets/Animation/Dying.fbx using Guid(df3a2fc48c203e54b8b745e164eea361) Importer(815301076,1909f56bfc062723c751e8b465ee728b)  -> (artifact id: '58dad11971088452c024d740ce2ef778') in 0.030337 seconds 
  Import took 0.033872 seconds .

AssetImportWorkerClient::OnTransportError - code=2 error=End of file
